Initialize engine version: 2020.3.31f1 (6b54b7616050)
[Subsystems] Discovering subsystems at path E:/Steam/steamapps/common/VRising/VRising_Data/UnitySubsystems
GfxDevice: creating device client; threaded=1
Direct3D:
    Version:  Direct3D 11.0 [level 11.1]
    Renderer: NVIDIA GeForce GTX 1660 (ID=0x2184)
    Vendor:   
    VRAM:     5991 MB
    Driver:   30.0.15.1215
<RI> Initializing input.
<RI> Input initialized.
<RI> Initialized touch support.
UnloadTime: 101.874100 ms
Bootstrap - Time: 2022-10-21 10:11:23, Version: VRising v0.5.43954 (2022-09-27 16:32 UTC) (Release)
UnityEngine.Logger:Log(LogType, Object)
UnityEngine.Debug:Log(Object)
ProjectM.Bootstrap:Unity.Entities.ICustomBootstrap.Initialize(String)
Unity.Entities.DefaultWorldInitialization:Initialize(String, Boolean)
Unity.Entities.AutomaticWorldBootstrap:Initialize()

SLS_COLLECTIONS_CHECKS defined.
UnityEngine.Logger:Log(LogType, Object)
UnityEngine.Debug:Log(Object)
ProjectM.Bootstrap:Unity.Entities.ICustomBootstrap.Initialize(String)
Unity.Entities.DefaultWorldInitialization:Initialize(String, Boolean)
Unity.Entities.AutomaticWorldBootstrap:Initialize()

System Information:
processorFrequency: 2904
deviceModel: System Product Name (System manufacturer)
operatingSystem: Windows 10  (10.0.19043) 64bit
processorType: Intel(R) Core(TM) i5-9400F CPU @ 2.90GHz
processorCount: 6
systemMemorySize: 16318
graphicsDeviceName: NVIDIA GeForce GTX 1660
graphicsDeviceType: Direct3D11
graphicsDeviceVendor: NVIDIA
graphicsDeviceVendorID: 4318
graphicsDeviceVersion: Direct3D 11.0 [level 11.1]
graphicsMemorySize: 5991
graphicsMultiThreaded: False
graphicsShaderLevel: 50
maxTextureSize: 16384
CPU Score: 8712 (WOW)
UnityEngine.Logger:Log(LogType, Object)
UnityEngine.Debug:Log(Object)
ProjectM.Bootstrap:Unity.Entities.ICustomBootstrap.Initialize(String)
Unity.Entities.DefaultWorldInitialization:Initialize(String, Boolean)
Unity.Entities.AutomaticWorldBootstrap:Initialize()

Loaded ClientSettings:
{
  "General": {
    "ServerPath": "VRising_Server/VRisingServer.exe",
    "PlatformNotificationPosition": 2,
    "NewsURL": "https://client.vrising.net/live/news.json",
    "OfficialServersURL": "https://client.vrising.net/live/official.txt",
    "BannedServersURL": "https://client.vrising.net/live/banned.txt",
    "ServerInfoURL": "https://client.vrising.net/live/server-info.txt",
    "ServerPartnerURL": "https://www.g-portal.com/vrising",
    "ServerInstuctionsURL": "https://github.com/StunlockStudios/vrising-dedicated-server-instructions",
    "BranchOverride": "",
    "EnableConsole": false,
    "ConfineCursorToWindow": false
  },
  "Sound": {
    "Threaded": true,
    "DisableAllSounds": false,
    "DisableMusic": false,
    "MonoSound": false,
    "SoundInBackground": true,
    "UsePushToTalk": true,
    "VOIPAutojoin": true,
    "Driver": "",
    "MasterVolume": 0.2032463,
    "MusicVolume": 1.0,
    "SoundEffectsVolume": 1.0,
    "AmbienceVolume": 1.0,
    "VoiceOverVolume": 1.0,
    "UIVolume": 1.0,
    "VOIPVolume": 0.66
  },
  "Interface": {
    "Language": "english",
    "VideoPlayMode": 0,
    "SteamerMode": false,
    "ShowGlobalChat": true,
    "ShowChatTimeStamps": true,
    "LockMinimapRotation": true,
    "BuildMenuFadeOut": false,
    "ShowMenuShortcuts": true,
    "ChatSize": 16.0,
    "SteamRichPresenceEnabled": true,
    "ToggleEquipMode": true,
    "AllowFriendsToJoinThroughSteam": true
  },
  "GameClient": {
    "UserName": "",
    "SavedCharacterName": "",
    "RecordClientReplay": false,
    "PlayLatestClientReplay": false,
    "EnableGameAnalytics": true,
    "AnalyticsEnvironment": "production",
    "ClearCompletedTutorialsOnCharacterCreate": false,
    "CompletedTutorials": 7551,
    "MaximumHandshakeAttempts": 10,
    "ConnectionTimeout": 30.0,
    "BetaInformationURL": null,
    "ServerListURL": "",
    "HasSeenCinematic": true,
    "HasCompletedFirstStartup": true,
    "EnableDebugLogsOverlayByDefault": false,
    "ServerName": "VRising Server",
    "DiscoverLocalPeers": false,
    "HideWrongVersion": true,
    "HideFullServers": false,
    "NetworkVersionOverride": -1
  },
  "GraphicSettings": {
    "Resolution": {
      "x": 1920,
      "y": 1080
    },
    "FPSLimitValue": 60,
    "DynamicResolutionQuality": 0.77,
    "ScreenShakeAmplitude": 1.0,
    "Brightness": 2.2,
    "FsrSharpness": 1.0,
    "FsrQualityMode": 1,
    "ClothUpdateRate": 1,
    "ClothQuality": 0,
    "AntiAliasing": 2,
    "ShadowQuality": 0,
    "AmbientOcclusionQuality": 0,
    "BloomQuality": 0,
    "VolumetricsQuality": 0,
    "TextureQuality": 0,
    "WindowMode": 1,
    "CurrentPresetMode": 0,
    "MenuFPSCapMode": 2,
    "VerticalSync": true,
    "ShouldLimitFPS": false,
    "MotionBlur": true,
    "DepthOfField": true,
    "HighQualityVegetation": true,
    "HighQualityAtmosphere": true,
    "BloodEffectsEnabled": true
  }
}
UnityEngine.Logger:Log(LogType, Object)
UnityEngine.Debug:Log(Object)
ProjectM.SettingsManager:get_ClientSettings()
ProjectM.Bootstrap:Unity.Entities.ICustomBootstrap.Initialize(String)
Unity.Entities.DefaultWorldInitialization:Initialize(String, Boolean)
Unity.Entities.AutomaticWorldBootstrap:Initialize()

Bootstrapping World: Default World
UnityEngine.Logger:Log(LogType, Object)
UnityEngine.Debug:Log(Object)
ProjectM.Bootstrap:Unity.Entities.ICustomBootstrap.Initialize(String)
Unity.Entities.DefaultWorldInitialization:Initialize(String, Boolean)
Unity.Entities.AutomaticWorldBootstrap:Initialize()

ProjectM.ClientDebugSettings - Error while trying to load settings from file. File not Found! (E:/Steam/steamapps/common/VRising/VRising_Data/StreamingAssets\Settings\ClientDebugSettings.json)
UnityEngine.Logger:Log(LogType, Object)
UnityEngine.Debug:LogWarning(Object)
ProjectM.Shared.SettingsBase:TryLoadJsonFile(String, Boolean, Boolean)
ProjectM.Shared.SettingsBase:.ctor(String, Boolean, Boolean)
ProjectM.ClientDebugSettingsSystem:OnCreate()
Unity.Entities.ComponentSystemBase:CreateInstance(World, SystemState*)
Unity.Entities.World:AddSystem_OnCreate_Internal(ComponentSystemBase)
Unity.Entities.World:GetOrCreateSystemsAndLogException(IEnumerable`1, Int32)
ProjectM.CustomWorldSpawning:AddSystemsToWorld(World, WorldType, Type[], Type, Type, Type, CustomWorld)
ProjectM.Bootstrap:Unity.Entities.ICustomBootstrap.Initialize(String)
Unity.Entities.DefaultWorldInitialization:Initialize(String, Boolean)
Unity.Entities.AutomaticWorldBootstrap:Initialize()

SteamPlatformSystem - Entering OnCreate!
UnityEngine.Logger:Log(LogType, Object)
UnityEngine.Debug:Log(Object)
ProjectM.Auth.SteamPlatformSystem:OnCreate()
Unity.Entities.ComponentSystemBase:CreateInstance(World, SystemState*)
Unity.Entities.World:AddSystem_OnCreate_Internal(ComponentSystemBase)
Unity.Entities.World:GetOrCreateSystemsAndLogException(IEnumerable`1, Int32)
ProjectM.CustomWorldSpawning:AddSystemsToWorld(World, WorldType, Type[], Type, Type, Type, CustomWorld)
ProjectM.Bootstrap:Unity.Entities.ICustomBootstrap.Initialize(String)
Unity.Entities.DefaultWorldInitialization:Initialize(String, Boolean)
Unity.Entities.AutomaticWorldBootstrap:Initialize()

Loaded VersionDataSettings:
{
  "NetworkVersion": 1,
  "PersistenceVersion": 1
}
UnityEngine.Logger:Log(LogType, Object)
UnityEngine.Debug:Log(Object)
ProjectM.SettingsManager:get_VersionData()
GameVersionUtils:TryInitializePersistenceVersion()
GameVersionUtils:GetOrLoadPersistenceVersion()
ProjectM.ServerRuntimeSettings:GetStandardSaveRoot(UInt64)
ProjectM.SettingsManager:VerifyServerSettings()
ProjectM.SettingsManager:get_ServerHostSettings()
ProjectM.Auth.SteamPlatformSystem:OnCreate()
Unity.Entities.ComponentSystemBase:CreateInstance(World, SystemState*)
Unity.Entities.World:AddSystem_OnCreate_Internal(ComponentSystemBase)
Unity.Entities.World:GetOrCreateSystemsAndLogException(IEnumerable`1, Int32)
ProjectM.CustomWorldSpawning:AddSystemsToWorld(World, WorldType, Type[], Type, Type, Type, CustomWorld)
ProjectM.Bootstrap:Unity.Entities.ICustomBootstrap.Initialize(String)
Unity.Entities.DefaultWorldInitialization:Initialize(String, Boolean)
Unity.Entities.AutomaticWorldBootstrap:Initialize()

PersistenceVersionOverride value found from VersionDataSettings: 1
UnityEngine.Logger:Log(LogType, Object)
UnityEngine.Debug:Log(Object)
GameVersionUtils:TryInitializePersistenceVersion()
GameVersionUtils:GetOrLoadPersistenceVersion()
ProjectM.ServerRuntimeSettings:GetStandardSaveRoot(UInt64)
ProjectM.SettingsManager:VerifyServerSettings()
ProjectM.SettingsManager:get_ServerHostSettings()
ProjectM.Auth.SteamPlatformSystem:OnCreate()
Unity.Entities.ComponentSystemBase:CreateInstance(World, SystemState*)
Unity.Entities.World:AddSystem_OnCreate_Internal(ComponentSystemBase)
Unity.Entities.World:GetOrCreateSystemsAndLogException(IEnumerable`1, Int32)
ProjectM.CustomWorldSpawning:AddSystemsToWorld(World, WorldType, Type[], Type, Type, Type, CustomWorld)
ProjectM.Bootstrap:Unity.Entities.ICustomBootstrap.Initialize(String)
Unity.Entities.DefaultWorldInitialization:Initialize(String, Boolean)
Unity.Entities.AutomaticWorldBootstrap:Initialize()

Persistence Version initialized as: 1
UnityEngine.Logger:Log(LogType, Object)
UnityEngine.Debug:Log(Object)
GameVersionUtils:TryInitializePersistenceVersion()
GameVersionUtils:GetOrLoadPersistenceVersion()
ProjectM.ServerRuntimeSettings:GetStandardSaveRoot(UInt64)
ProjectM.SettingsManager:VerifyServerSettings()
ProjectM.SettingsManager:get_ServerHostSettings()
ProjectM.Auth.SteamPlatformSystem:OnCreate()
Unity.Entities.ComponentSystemBase:CreateInstance(World, SystemState*)
Unity.Entities.World:AddSystem_OnCreate_Internal(ComponentSystemBase)
Unity.Entities.World:GetOrCreateSystemsAndLogException(IEnumerable`1, Int32)
ProjectM.CustomWorldSpawning:AddSystemsToWorld(World, WorldType, Type[], Type, Type, Type, CustomWorld)
ProjectM.Bootstrap:Unity.Entities.ICustomBootstrap.Initialize(String)
Unity.Entities.DefaultWorldInitialization:Initialize(String, Boolean)
Unity.Entities.AutomaticWorldBootstrap:Initialize()

Loaded ServerHostSettings:
{
  "Name": "V Rising Server",
  "Description": "",
  "Port": 9876,
  "QueryPort": 9877,
  "Address": null,
  "MaxConnectedUsers": 40,
  "MaxConnectedAdmins": 4,
  "MinFreeSlotsNeededForNewUsers": 0,
  "ServerFps": 30,
  "AIUpdatesPerFrame": 200,
  "Password": "",
  "Secure": false,
  "ListOnMasterServer": true,
  "ServerBranch": "",
  "GameSettingsPreset": "",
  "SaveName": "world1",
  "AutoSaveCount": 25,
  "AutoSaveInterval": 600,
  "ZipSaveFiles": false,
  "PersistenceDebuggingEnabled": false,
  "GiveStarterItems": false,
  "LogAllNetworkEvents": false,
  "LogAdminEvents": true,
  "LogDebugEvents": true,
  "AdminOnlyDebugEvents": true,
  "EveryoneIsAdmin": false,
  "DisableDebugEvents": false,
  "EnableDangerousDebugEvents": false,
  "TrackArchetypeCreationsOnStartup": false,
  "ServerStartTimeOffset": 0.0,
  "NetworkVersionOverride": -1,
  "PersistenceVersionOverride": -1,
  "LanMode": false,
  "LowerFPSWhenEmpty": false,
  "LowerFPSWhenEmptyValue": 1,
  "UseTeleportPlayersOutOfCollisionFix": true,
  "DiscoveryResponseLevel": 0,
  "RemoteBansURL": "",
  "RemoteAdminsURL": "",
  "ResetDaysInterval": 0,
  "DayOfReset": -1,
  "API": {
    "Enabled": false,
    "BindAddress": "*",
    "BindPort": 9090,
    "BasePath": "/",
    "AccessList": ""
  },
  "Rcon": {
    "Enabled": false,
    "BindAddress": null,
    "Port": 25575,
    "Password": "",
    "TimeoutSeconds": 300,
    "MaxPasswordTries": 99,
    "BanMinutes": 0,
    "SendAuthImmediately": true,
    "MaxConnectionsPerIp": 20,
    "MaxConnections": 20
  }
}
UnityEngine.Logger:Log(LogType, Object)
UnityEngine.Debug:Log(Object)
ProjectM.SettingsManager:VerifyServerSettings()
ProjectM.SettingsManager:get_ServerHostSettings()
ProjectM.Auth.SteamPlatformSystem:OnCreate()
Unity.Entities.ComponentSystemBase:CreateInstance(World, SystemState*)
Unity.Entities.World:AddSystem_OnCreate_Internal(ComponentSystemBase)
Unity.Entities.World:GetOrCreateSystemsAndLogException(IEnumerable`1, Int32)
ProjectM.CustomWorldSpawning:AddSystemsToWorld(World, WorldType, Type[], Type, Type, Type, CustomWorld)
ProjectM.Bootstrap:Unity.Entities.ICustomBootstrap.Initialize(String)
Unity.Entities.DefaultWorldInitialization:Initialize(String, Boolean)
Unity.Entities.AutomaticWorldBootstrap:Initialize()

SteamPlatformSystem - Steamworks API initialization Succeeded!
UnityEngine.Logger:Log(LogType, Object)
UnityEngine.Debug:Log(Object)
ProjectM.Auth.SteamPlatformSystem:TryInitClient(PlatformInitState&)
ProjectM.Auth.SteamPlatformSystem:OnCreate()
Unity.Entities.ComponentSystemBase:CreateInstance(World, SystemState*)
Unity.Entities.World:AddSystem_OnCreate_Internal(ComponentSystemBase)
Unity.Entities.World:GetOrCreateSystemsAndLogException(IEnumerable`1, Int32)
ProjectM.CustomWorldSpawning:AddSystemsToWorld(World, WorldType, Type[], Type, Type, Type, CustomWorld)
ProjectM.Bootstrap:Unity.Entities.ICustomBootstrap.Initialize(String)
Unity.Entities.DefaultWorldInitialization:Initialize(String, Boolean)
Unity.Entities.AutomaticWorldBootstrap:Initialize()

SteamLog [SDR k_ESteamNetworkingSocketsDebugOutputType_Msg] Certificate expires in 30h12m at 1666455858 (current time 1666347090), will renew in 28h12m
UnityEngine.Logger:Log(LogType, Object)
UnityEngine.Debug:Log(Object)
Stunlock.Network.Steam.Wrapper.SteamSocketNetworkingLogs:OnLog(LogSource, ESteamNetworkingSocketsDebugOutputType, IntPtr)
Steamworks.CallbackDispatcher:RunFrame(Boolean)
ProjectM.Auth.SteamPlatformSystem:TryInitClient(PlatformInitState&)
ProjectM.Auth.SteamPlatformSystem:OnCreate()
Unity.Entities.ComponentSystemBase:CreateInstance(World, SystemState*)
Unity.Entities.World:AddSystem_OnCreate_Internal(ComponentSystemBase)
Unity.Entities.World:GetOrCreateSystemsAndLogException(IEnumerable`1, Int32)
ProjectM.CustomWorldSpawning:AddSystemsToWorld(World, WorldType, Type[], Type, Type, Type, CustomWorld)
ProjectM.Bootstrap:Unity.Entities.ICustomBootstrap.Initialize(String)
Unity.Entities.DefaultWorldInitialization:Initialize(String, Boolean)
Unity.Entities.AutomaticWorldBootstrap:Initialize()

SteamLog [SDR k_ESteamNetworkingSocketsDebugOutputType_Warning] SteamNetworkingSockets lock held for 36.8ms.  (Performance warning.)  SteamNetworkingSocketsCert_t,AsyncCertRequestFinished,BeginFetchNetworkConfig(x2)
This is usually a symptom of a general performance problem such as thread starvation.
UnityEngine.Logger:Log(LogType, Object)
UnityEngine.Debug:LogWarning(Object)
Stunlock.Network.Steam.Wrapper.SteamSocketNetworkingLogs:OnLog(LogSource, ESteamNetworkingSocketsDebugOutputType, IntPtr)
Steamworks.CallbackDispatcher:RunFrame(Boolean)
ProjectM.Auth.SteamPlatformSystem:TryInitClient(PlatformInitState&)
ProjectM.Auth.SteamPlatformSystem:OnCreate()
Unity.Entities.ComponentSystemBase:CreateInstance(World, SystemState*)
Unity.Entities.World:AddSystem_OnCreate_Internal(ComponentSystemBase)
Unity.Entities.World:GetOrCreateSystemsAndLogException(IEnumerable`1, Int32)
ProjectM.CustomWorldSpawning:AddSystemsToWorld(World, WorldType, Type[], Type, Type, Type, CustomWorld)
ProjectM.Bootstrap:Unity.Entities.ICustomBootstrap.Initialize(String)
Unity.Entities.DefaultWorldInitialization:Initialize(String, Boolean)
Unity.Entities.AutomaticWorldBootstrap:Initialize()

SteamLog [SDR k_ESteamNetworkingSocketsDebugOutputType_Warning] SDR network config fetch first attempt failed.  HTTP 504.  .  Trying again.
UnityEngine.Logger:Log(LogType, Object)
UnityEngine.Debug:LogWarning(Object)
Stunlock.Network.Steam.Wrapper.SteamSocketNetworkingLogs:OnLog(LogSource, ESteamNetworkingSocketsDebugOutputType, IntPtr)

SteamPlatformSystem - Steam Info - AppID: 1604030, UserID: 76561198393511997, PersonaName: RIO, AppOwner: 76561198393511997
UnityEngine.Logger:Log(LogType, Object)
UnityEngine.Debug:Log(Object)
ProjectM.Auth.SteamPlatformSystem:TryInitClient(PlatformInitState&)
ProjectM.Auth.SteamPlatformSystem:OnCreate()
Unity.Entities.ComponentSystemBase:CreateInstance(World, SystemState*)
Unity.Entities.World:AddSystem_OnCreate_Internal(ComponentSystemBase)
Unity.Entities.World:GetOrCreateSystemsAndLogException(IEnumerable`1, Int32)
ProjectM.CustomWorldSpawning:AddSystemsToWorld(World, WorldType, Type[], Type, Type, Type, CustomWorld)
ProjectM.Bootstrap:Unity.Entities.ICustomBootstrap.Initialize(String)
Unity.Entities.DefaultWorldInitialization:Initialize(String, Boolean)
Unity.Entities.AutomaticWorldBootstrap:Initialize()

SteamPlatformSystem - Enabling Steam FilterText, Success: True
UnityEngine.Logger:Log(LogType, Object)
UnityEngine.Debug:Log(Object)
ProjectM.Auth.SteamPlatformSystem:TryInitClient(PlatformInitState&)
ProjectM.Auth.SteamPlatformSystem:OnCreate()
Unity.Entities.ComponentSystemBase:CreateInstance(World, SystemState*)
Unity.Entities.World:AddSystem_OnCreate_Internal(ComponentSystemBase)
Unity.Entities.World:GetOrCreateSystemsAndLogException(IEnumerable`1, Int32)
ProjectM.CustomWorldSpawning:AddSystemsToWorld(World, WorldType, Type[], Type, Type, Type, CustomWorld)
ProjectM.Bootstrap:Unity.Entities.ICustomBootstrap.Initialize(String)
Unity.Entities.DefaultWorldInitialization:Initialize(String, Boolean)
Unity.Entities.AutomaticWorldBootstrap:Initialize()

Setting sound card to default.
UnityEngine.Logger:Log(LogType, Object)
UnityEngine.Debug:Log(Object)
ProjectM.Audio.StudioManagerSystem:SetDriver(Guid)
ProjectM.Audio.StudioManagerSystem:InitializeSettings()
ProjectM.Audio.StudioManagerSystem:OnCreate()
Unity.Entities.ComponentSystemBase:CreateInstance(World, SystemState*)
Unity.Entities.World:AddSystem_OnCreate_Internal(ComponentSystemBase)
Unity.Entities.World:GetOrCreateSystemsAndLogException(IEnumerable`1, Int32)
ProjectM.CustomWorldSpawning:AddSystemsToWorld(World, WorldType, Type[], Type, Type, Type, CustomWorld)
ProjectM.Bootstrap:Unity.Entities.ICustomBootstrap.Initialize(String)
Unity.Entities.DefaultWorldInitialization:Initialize(String, Boolean)
Unity.Entities.AutomaticWorldBootstrap:Initialize()

Entering UIEntryPoint!
UnityEngine.Logger:Log(LogType, Object)
UnityEngine.Debug:Log(Object)
ProjectM.UI.UIEntryPoint:Awake()

CommandLine: E:\Steam\steamapps\common\VRising\VRising.exe

E:\Steam\steamapps\common\VRising\VRising.exe
UnityEngine.Logger:Log(LogType, Object)
UnityEngine.Debug:Log(Object)
ProjectM.UI.UIEntryPoint:Awake()

This is a LIVE build! (debug ourput)
UnityEngine.Logger:Log(LogType, Object)
UnityEngine.Debug:Log(Object)
ProjectM.UI.UIEntryPoint:Awake()

Loaded Localization: english
UnityEngine.Logger:Log(LogType, Object)
UnityEngine.Debug:Log(Object)
System.Action`1:Invoke(T)
ProjectM.UI.InitializeUI:Awake()

ProjectM.GameDataSettings - Error while trying to load settings from file. File not Found! (E:/Steam/steamapps/common/VRising/VRising_Data/StreamingAssets\Settings\GameDataSettings.json)
UnityEngine.Logger:Log(LogType, Object)
UnityEngine.Debug:LogWarning(Object)
ProjectM.Shared.SettingsBase:TryLoadJsonFile(String, Boolean, Boolean)
ProjectM.Shared.SettingsBase:.ctor(String, Boolean, Boolean)
ProjectM.GameDataSettings:.ctor()
ProjectM.SettingsManager:VerifyGameDataSettings()
ProjectM.SettingsManager:get_GameDataSettings()
ProjectM.UI.InitializeUI:Awake()

Load SubScene UI Scene
UnityEngine.Logger:Log(LogType, Object)
UnityEngine.Debug:Log(Object)
ProjectM.UI.InitializeUI:Awake()

[Default World] LoadSceneAsync Request 'SubScene_UI', WaitForSceneLoad: True, SceneEntity: 4:1
UnityEngine.Logger:Log(LogType, Object)
UnityEngine.Debug:Log(Object)
ProjectM.SceneLoadSystem:LoadSceneAsync(SubScene, String, Boolean, LoadToTargetWorld, LoadParameters)
ProjectM.UI.InitializeUI:Awake()

SteamLog [SDR k_ESteamNetworkingSocketsDebugOutputType_Msg] Got SDR network config.  Loaded revision 1666284527 OK
UnityEngine.Logger:Log(LogType, Object)
UnityEngine.Debug:Log(Object)
Stunlock.Network.Steam.Wrapper.SteamSocketNetworkingLogs:OnLog(LogSource, ESteamNetworkingSocketsDebugOutputType, IntPtr)

SteamLog [SDR k_ESteamNetworkingSocketsDebugOutputType_Msg] Performing ping measurement
UnityEngine.Logger:Log(LogType, Object)
UnityEngine.Debug:Log(Object)
Stunlock.Network.Steam.Wrapper.SteamSocketNetworkingLogs:OnLog(LogSource, ESteamNetworkingSocketsDebugOutputType, IntPtr)

SteamLog [SDR k_ESteamNetworkingSocketsDebugOutputType_Msg] SDR RelayNetworkStatus:  avail=Attempting  config=OK  anyrelay=Attempting   (Performing ping measurement)
UnityEngine.Logger:Log(LogType, Object)
UnityEngine.Debug:Log(Object)
Stunlock.Network.Steam.Wrapper.SteamSocketNetworkingLogs:OnLog(LogSource, ESteamNetworkingSocketsDebugOutputType, IntPtr)

SteamLog [SDR k_ESteamNetworkingSocketsDebugOutputType_Msg] AuthStatus (steamid:76561198393511997):  OK  (OK)
UnityEngine.Logger:Log(LogType, Object)
UnityEngine.Debug:Log(Object)
Stunlock.Network.Steam.Wrapper.SteamSocketNetworkingLogs:OnLog(LogSource, ESteamNetworkingSocketsDebugOutputType, IntPtr)

SteamLog [SDR k_ESteamNetworkingSocketsDebugOutputType_Msg] Ping measurement completed
UnityEngine.Logger:Log(LogType, Object)
UnityEngine.Debug:Log(Object)
Stunlock.Network.Steam.Wrapper.SteamSocketNetworkingLogs:OnLog(LogSource, ESteamNetworkingSocketsDebugOutputType, IntPtr)

SteamLog [SDR k_ESteamNetworkingSocketsDebugOutputType_Msg] Ping location: hkg=30+3/31+3,sgp=45+4/46+4,seo=89+8/68+3,tyo=68+6,tyo1=73+7/68+6,maa=94+9/79+4,bom=165+16/95+4,dxb=191+19/120+4,syd=146+14/133+4,fra=188+18/168+16,iad=267+26/232+6,gru=359+35
UnityEngine.Logger:Log(LogType, Object)
UnityEngine.Debug:Log(Object)
Stunlock.Network.Steam.Wrapper.SteamSocketNetworkingLogs:OnLog(LogSource, ESteamNetworkingSocketsDebugOutputType, IntPtr)

SteamLog [SDR k_ESteamNetworkingSocketsDebugOutputType_Msg] SDR RelayNetworkStatus:  avail=OK  config=OK  anyrelay=OK   (OK)
UnityEngine.Logger:Log(LogType, Object)
UnityEngine.Debug:Log(Object)
Stunlock.Network.Steam.Wrapper.SteamSocketNetworkingLogs:OnLog(LogSource, ESteamNetworkingSocketsDebugOutputType, IntPtr)

Server Info list downloaded!
UnityEngine.Logger:Log(LogType, Object)
UnityEngine.Debug:Log(Object)
ProjectM.Auth.SteamPlatformSystem:UpdateOfficialServersList()
ProjectM.Auth.SteamPlatformSystem:OnUpdate()
Unity.Entities.SystemBase:Update()
Unity.Entities.ComponentSystemGroup:UpdateAllSystems()
Unity.Entities.ComponentSystem:Update()
Stunlock.Network.ClientTransportConnectedDelegate:Invoke()

Loaded Servers Info List - Official: 1091, Trusted: 0, Banned: 1
UnityEngine.Logger:Log(LogType, Object)
UnityEngine.Debug:Log(Object)
ProjectM.Auth.SteamPlatformSystem:UpdateOfficialServersList()
ProjectM.Auth.SteamPlatformSystem:OnUpdate()
Unity.Entities.SystemBase:Update()
Unity.Entities.ComponentSystemGroup:UpdateAllSystems()
Unity.Entities.ComponentSystem:Update()
Stunlock.Network.ClientTransportConnectedDelegate:Invoke()

[Default World] LoadSceneSystem.WaitForTargetSceneLoad - SceneEntity 4:1 done!
UnityEngine.Logger:Log(LogType, Object)
UnityEngine.Debug:Log(Object)
ProjectM.<>c__DisplayClass_OnUpdate_LambdaJob0:OriginalLambdaBody(Entity, WaitForTargetSceneLoad&)
ProjectM.<>c__DisplayClass_OnUpdate_LambdaJob0:IterateEntities(ArchetypeChunk&, Runtimes&)
ProjectM.<>c__DisplayClass_OnUpdate_LambdaJob0:Execute(ArchetypeChunk, Int32, Int32)
Unity.Entities.JobChunkExtensions:RunWithoutJobs(T&, ArchetypeChunkIterator&)
ProjectM.Pathfinding.RunWithoutJobSystem_00000043$PostfixBurstDelegate:Invoke(ArchetypeChunkIterator*, Void*)
Unity.Entities.InternalCompilerInterface:RunJobChunk(T&, EntityQuery, JobChunkRunWithoutJobSystemDelegate)
ProjectM.SceneLoadSystem:OnUpdate()
Unity.Entities.SystemBase:Update()
Unity.Entities.ComponentSystemGroup:UpdateAllSystems()
Unity.Entities.ComponentSystem:Update()
Stunlock.Network.ClientTransportConnectedDelegate:Invoke()

Type:MainMenuCanvasBase
UnityEngine.Logger:Log(LogType, Object)
UnityEngine.Debug:Log(Object)
ProjectM.UI.UISpawningSystem:<OnUpdate>b__4_0(Entity, SpawnUIPrefabOnLoad)
Unity.Entities.CodeGeneratedJobForEach.PerformLambdaDelegate:Invoke(Void*, Void*, Entity)
Unity.Entities.CodeGeneratedJobForEach.StructuralChangeEntityProvider:IterateEntities(Void*, Void*, PerformLambdaDelegate)
ProjectM.UI.<>c__DisplayClass_OnUpdate_LambdaJob0:Execute(ComponentSystemBase, EntityQuery)
ProjectM.UI.UISpawningSystem:OnUpdate()
Unity.Entities.SystemBase:Update()
Unity.Entities.ComponentSystemGroup:UpdateAllSystems()
Unity.Entities.ComponentSystem:Update()
Stunlock.Network.ClientTransportConnectedDelegate:Invoke()

Instantiating Loaded UI Prefab. GameObject: MainMenuCanvas
UnityEngine.Logger:Log(LogType, Object)
UnityEngine.Debug:Log(Object)
ProjectM.UI.UISpawningSystem:<OnUpdate>b__4_0(Entity, SpawnUIPrefabOnLoad)
Unity.Entities.CodeGeneratedJobForEach.PerformLambdaDelegate:Invoke(Void*, Void*, Entity)
Unity.Entities.CodeGeneratedJobForEach.StructuralChangeEntityProvider:IterateEntities(Void*, Void*, PerformLambdaDelegate)
ProjectM.UI.<>c__DisplayClass_OnUpdate_LambdaJob0:Execute(ComponentSystemBase, EntityQuery)
ProjectM.UI.UISpawningSystem:OnUpdate()
Unity.Entities.SystemBase:Update()
Unity.Entities.ComponentSystemGroup:UpdateAllSystems()
Unity.Entities.ComponentSystem:Update()
Stunlock.Network.ClientTransportConnectedDelegate:Invoke()

DestroyInitialLoadUI - Looking for GameObjects with tag: InitialLoadUI)
UnityEngine.Logger:Log(LogType, Object)
UnityEngine.Debug:Log(Object)
StunShared.UI.UIHelper:DestroyInitialLoadUI()
UnityEngine.Object:Instantiate(T)
StunShared.UI.UIHelper:InstantiateGameObject(GameObject)
ProjectM.UI.UISpawningSystem:<OnUpdate>b__4_0(Entity, SpawnUIPrefabOnLoad)
Unity.Entities.CodeGeneratedJobForEach.PerformLambdaDelegate:Invoke(Void*, Void*, Entity)
Unity.Entities.CodeGeneratedJobForEach.StructuralChangeEntityProvider:IterateEntities(Void*, Void*, PerformLambdaDelegate)
ProjectM.UI.<>c__DisplayClass_OnUpdate_LambdaJob0:Execute(ComponentSystemBase, EntityQuery)
ProjectM.UI.UISpawningSystem:OnUpdate()
Unity.Entities.SystemBase:Update()
Unity.Entities.ComponentSystemGroup:UpdateAllSystems()
Unity.Entities.ComponentSystem:Update()
Stunlock.Network.ClientTransportConnectedDelegate:Invoke()

DestroyInitialLoadUI - Destroying: InitialLoad
UnityEngine.Logger:Log(LogType, Object)
UnityEngine.Debug:Log(Object)
StunShared.UI.UIHelper:DestroyInitialLoadUI()
UnityEngine.Object:Instantiate(T)
StunShared.UI.UIHelper:InstantiateGameObject(GameObject)
ProjectM.UI.UISpawningSystem:<OnUpdate>b__4_0(Entity, SpawnUIPrefabOnLoad)
Unity.Entities.CodeGeneratedJobForEach.PerformLambdaDelegate:Invoke(Void*, Void*, Entity)
Unity.Entities.CodeGeneratedJobForEach.StructuralChangeEntityProvider:IterateEntities(Void*, Void*, PerformLambdaDelegate)
ProjectM.UI.<>c__DisplayClass_OnUpdate_LambdaJob0:Execute(ComponentSystemBase, EntityQuery)
ProjectM.UI.UISpawningSystem:OnUpdate()
Unity.Entities.SystemBase:Update()
Unity.Entities.ComponentSystemGroup:UpdateAllSystems()
Unity.Entities.ComponentSystem:Update()
Stunlock.Network.ClientTransportConnectedDelegate:Invoke()

[Default World] Found UICanvasBase, creating UICanvasSingleton.
UnityEngine.Logger:Log(LogType, Object)
UnityEngine.Debug:Log(Object)
ProjectM.UI.UISpawningSystem:<OnUpdate>b__4_0(Entity, SpawnUIPrefabOnLoad)
Unity.Entities.CodeGeneratedJobForEach.PerformLambdaDelegate:Invoke(Void*, Void*, Entity)
Unity.Entities.CodeGeneratedJobForEach.StructuralChangeEntityProvider:IterateEntities(Void*, Void*, PerformLambdaDelegate)
ProjectM.UI.<>c__DisplayClass_OnUpdate_LambdaJob0:Execute(ComponentSystemBase, EntityQuery)
ProjectM.UI.UISpawningSystem:OnUpdate()
Unity.Entities.SystemBase:Update()
Unity.Entities.ComponentSystemGroup:UpdateAllSystems()
Unity.Entities.ComponentSystem:Update()
Stunlock.Network.ClientTransportConnectedDelegate:Invoke()

StunAnalytics.Initialize called. Enabled: True
UnityEngine.Logger:Log(LogType, Object)
UnityEngine.Debug:Log(Object)
ProjectM.<Initialize>d__33:MoveNext()
System.Runtime.CompilerServices.AsyncVoidMethodBuilder:Start(TStateMachine&)
ProjectM.StunAnalytics:Initialize()
ProjectM.UI.StartGameLoadMenuView:Update()

Steam Launch CommandLine: 
UnityEngine.Logger:Log(LogType, Object)
UnityEngine.Debug:Log(Object)
ProjectM.UI.StartGameLoadMenuView:Update()

SteamLog [SDR k_ESteamNetworkingSocketsDebugOutputType_Msg] Certificate expires in 30h02m at 1666455858 (current time 1666347690), will renew in 28h02m
UnityEngine.Logger:Log(LogType, Object)
UnityEngine.Debug:Log(Object)
Stunlock.Network.Steam.Wrapper.SteamSocketNetworkingLogs:OnLog(LogSource, ESteamNetworkingSocketsDebugOutputType, IntPtr)

